f:\github\flight\x64\debug\vc142.pdb
f:\github\flight\x64\debug\vc142.idb
f:\github\flight\x64\debug\utilities.obj
f:\github\flight\x64\debug\timer.obj
f:\github\flight\x64\debug\sobelfilter.obj
f:\github\flight\x64\debug\shadowmap.obj
f:\github\flight\x64\debug\rendertarget.obj
f:\github\flight\x64\debug\renderitem.obj
f:\github\flight\x64\debug\plane.obj
f:\github\flight\x64\debug\mesh.obj
f:\github\flight\x64\debug\mathf.obj
f:\github\flight\x64\debug\light.obj
f:\github\flight\x64\debug\integrator.obj
f:\github\flight\x64\debug\geometrygenerator.obj
f:\github\flight\x64\debug\frameresource.obj
f:\github\flight\x64\debug\ddstextureloader.obj
f:\github\flight\x64\debug\d3base.obj
f:\github\flight\x64\debug\camera.obj
f:\github\flight\x64\debug\blurfilter.obj
f:\github\flight\x64\debug\testapp.obj
f:\github\flight\x64\debug\flight.exe
f:\github\flight\x64\debug\flight.ilk
f:\github\flight\x64\debug\flight.pdb
f:\github\flight\x64\debug\flight.tlog\cl.command.1.tlog
f:\github\flight\x64\debug\flight.tlog\cl.read.1.tlog
f:\github\flight\x64\debug\flight.tlog\cl.write.1.tlog
f:\github\flight\x64\debug\flight.tlog\link.command.1.tlog
f:\github\flight\x64\debug\flight.tlog\link.read.1.tlog
f:\github\flight\x64\debug\flight.tlog\link.write.1.tlog
